<?xml version="1.0" encoding="UTF-8"?>
<!-- Generated by org.testng.reporters.JUnitXMLReporter -->
<testsuite ignored="3" hostname="LAPTOP-HO37VHUL" failures="2" tests="39" name="Test" time="284.6" errors="0" timestamp="2023-10-07T19:34:53 IST">
  <testcase classname="com.ict.testcases.LoginTC" name="check_invalid_login" time="1.155"/>
  <testcase classname="com.ict.testcases.LoginTC" name="check_invalid_loginPwd" time="0.905"/>
  <testcase classname="com.ict.testcases.LoginTC" name="verify_admin_login" time="1.417"/>
  <testcase classname="com.ict.testcases.LoginTC" name="verify_trainer_login" time="0.949"/>
  <testcase classname="com.ict.testcases.LoginTC" name="verify_officer_login" time="0.971"/>
  <testcase classname="com.ict.testcases.Admin_DashboardTC" name="display_all_users" time="1.532"/>
  <testcase classname="com.ict.testcases.Admin_DashboardTC" name="add_new_user" time="2.732"/>
  <testcase classname="com.ict.testcases.Admin_DashboardTC" name="add_new_user_invalid" time="1.804"/>
  <testcase classname="com.ict.testcases.Admin_DashboardTC" name="edit_user_pwd" time="6.479"/>
  <testcase classname="com.ict.testcases.Admin_DashboardTC" name="logout" time="2.4"/>
  <testcase classname="com.ict.testcases.Admin_DashboardTC" name="delete_user" time="3.77"/>
  <testcase classname="com.ict.testcases.Admin_DashboardTC" name="disp_learners" time="2.217"/>
  <testcase classname="com.ict.testcases.Admin_DashboardTC" name="add_learner" time="2.439"/>
  <testcase classname="com.ict.testcases.Admin_DashboardTC" name="add_new_lrnr" time="1.063"/>
  <testcase classname="com.ict.testcases.Admin_DashboardTC" name="csv_file_upload" time="1.273"/>
  <testcase classname="com.ict.testcases.Admin_DashboardTC" name="choose_csv" time="2.734"/>
  <testcase classname="com.ict.testcases.Admin_DashboardTC" name="edit_lrnr_project" time="5.42"/>
  <testcase classname="com.ict.testcases.Admin_DashboardTC" name="delete_learner" time="4.02"/>
  <testcase classname="com.ict.testcases.Admin_DashboardTC" name="check_LnrPrevious_btn" time="3.945"/>
  <testcase classname="com.ict.testcases.Admin_DashboardTC" name="show_learners_in_plc" time="1.835"/>
  <testcase classname="com.ict.testcases.Admin_DashboardTC" name="edit_lrnrpstatus_in_plc" time="4.663"/>
  <testcase classname="com.ict.testcases.Trainer_TC" name="show_learners" time="1.818"/>
  <testcase classname="com.ict.testcases.Trainer_TC" name="add_new_learner" time="1.854"/>
  <testcase classname="com.ict.testcases.Trainer_TC" name="add_new_learnr" time="1.199"/>
  <testcase classname="com.ict.testcases.Trainer_TC" name="go_to_upload_page" time="0.753"/>
  <testcase classname="com.ict.testcases.Trainer_TC" name="choose_csv_file" time="2.236"/>
  <testcase classname="com.ict.testcases.Trainer_TC" name="check_blank_upload" time="2.64"/>
  <testcase classname="com.ict.testcases.Trainer_TC" name="cancel_file_upld" time="3.606"/>
  <testcase classname="com.ict.testcases.Trainer_TC" name="dwnload_csv" time="3.577"/>
  <testcase classname="com.ict.testcases.Trainer_TC" name="edit_lrnr_crs" time="5.47"/>
  <testcase classname="com.ict.testcases.Trainer_TC" name="edit_lrnr_proj" time="5.026"/>
  <testcase classname="com.ict.testcases.Trainer_TC" name="delete_learner" time="3.733"/>
  <testcase classname="com.ict.testcases.Trainer_TC" name="chk_previous_nav" time="3.241"/>
  <testcase classname="com.ict.testcases.Trainer_TC" name="logout" time="2.318"/>
  <testcase classname="com.ict.testcases.PlOfficer_TC" name="show_learners" time="2.926"/>
  <testcase classname="com.ict.testcases.PlOfficer_TC" name="edit_lrnr_status" time="3.415"/>
  <testcase classname="com.ict.testcases.PlOfficer_TC" name="edit_lrnr_stat_invalid" time="2.346">
    <failure type="java.lang.AssertionError" message="did not expect [-Select-] but found [-Select-]">
      <![CDATA[java.lang.AssertionError: did not expect [-Select-] but found [-Select-]
at com.ict.testcases.PlOfficer_TC.edit_lrnr_stat_invalid(PlOfficer_TC.java:96)
at java.base/java.util.ArrayList.forEach(ArrayList.java:1511)
... Removed 32 stack frames]]>
    </failure>
  </testcase> <!-- edit_lrnr_stat_invalid -->
  <testcase classname="com.ict.testcases.PlOfficer_TC" name="check_previous_btn" time="4.033"/>
  <testcase classname="com.ict.testcases.PlOfficer_TC" name="logout" time="8.079">
    <failure type="org.openqa.selenium.json.JsonException" message="java.lang.reflect.InvocationTargetException
Build info: version: &amp;apos;4.8.3&amp;apos;, revision: &amp;apos;e5e76298c3&amp;apos;
System info: os.name: &amp;apos;Windows 11&amp;apos;, os.arch: &amp;apos;amd64&amp;apos;, os.version: &amp;apos;10.0&amp;apos;, java.version: &amp;apos;17.0.6&amp;apos;
Driver info: org.openqa.selenium.edge.EdgeDriver
Command: [81f7da13a98f0ccb74e2a4838ccbc471, actions {actions=[org.openqa.selenium.interactions.Sequence@1ced1fb9]}]
Capabilities {acceptInsecureCerts: false, browserName: msedge, browserVersion: 117.0.2045.47, fedcm:accounts: true, ms:edgeOptions: {debuggerAddress: localhost:49785}, msedge: {msedgedriverVersion: 117.0.2045.55 (50f62b8a7655..., userDataDir: C:\Users\91944\AppData\Loca...}, networkConnectionEnabled: false, pageLoadStrategy: normal, platformName: WINDOWS, proxy: Proxy(), se:cdp: ws://localhost:49785/devtoo..., se:cdpVersion: 117.0.2045.47, setWindowRect: true, strictFileInteractability: false, timeouts: {implicit: 0, pageLoad: 300000, script: 30000}, unhandledPromptBehavior: dismiss and notify, webauthn:extension:credBlob: true, webauthn:extension:largeBlob: true, webauthn:extension:minPinLength: true, webauthn:extension:prf: true, webauthn:virtualAuthenticators: true}
Session ID: 81f7da13a98f0ccb74e2a4838ccbc471">
      <![CDATA[org.openqa.selenium.json.JsonException: java.lang.reflect.InvocationTargetException
Build info: version: '4.8.3', revision: 'e5e76298c3'
System info: os.name: 'Windows 11', os.arch: 'amd64', os.version: '10.0', java.version: '17.0.6'
Driver info: org.openqa.selenium.edge.EdgeDriver
Command: [81f7da13a98f0ccb74e2a4838ccbc471, actions {actions=[org.openqa.selenium.interactions.Sequence@1ced1fb9]}]
Capabilities {acceptInsecureCerts: false, browserName: msedge, browserVersion: 117.0.2045.47, fedcm:accounts: true, ms:edgeOptions: {debuggerAddress: localhost:49785}, msedge: {msedgedriverVersion: 117.0.2045.55 (50f62b8a7655..., userDataDir: C:\Users\91944\AppData\Loca...}, networkConnectionEnabled: false, pageLoadStrategy: normal, platformName: WINDOWS, proxy: Proxy(), se:cdp: ws://localhost:49785/devtoo..., se:cdpVersion: 117.0.2045.47, setWindowRect: true, strictFileInteractability: false, timeouts: {implicit: 0, pageLoad: 300000, script: 30000}, unhandledPromptBehavior: dismiss and notify, webauthn:extension:credBlob: true, webauthn:extension:largeBlob: true, webauthn:extension:minPinLength: true, webauthn:extension:prf: true, webauthn:virtualAuthenticators: true}
Session ID: 81f7da13a98f0ccb74e2a4838ccbc471
at org.openqa.selenium.json.JsonOutput.convertUsingMethod(JsonOutput.java:362)
at org.openqa.selenium.json.JsonOutput.lambda$new$16(JsonOutput.java:154)
at org.openqa.selenium.json.JsonOutput.write(JsonOutput.java:287)
at org.openqa.selenium.json.JsonOutput.lambda$new$22(JsonOutput.java:169)
at java.base/java.util.stream.ForEachOps$ForEachOp$OfRef.accept(ForEachOps.java:183)
at java.base/java.util.stream.ReferencePipeline$2$1.accept(ReferencePipeline.java:179)
at java.base/java.util.Iterator.forEachRemaining(Iterator.java:133)
at java.base/java.util.Spliterators$IteratorSpliterator.forEachRemaining(Spliterators.java:1845)
at java.base/java.util.stream.AbstractPipeline.copyInto(AbstractPipeline.java:509)
at java.base/java.util.stream.AbstractPipeline.wrapAndCopyInto(AbstractPipeline.java:499)
at java.base/java.util.stream.ForEachOps$ForEachOp.evaluateSequential(ForEachOps.java:150)
at java.base/java.util.stream.ForEachOps$ForEachOp$OfRef.evaluateSequential(ForEachOps.java:173)
at java.base/java.util.stream.AbstractPipeline.evaluate(AbstractPipeline.java:234)
at java.base/java.util.stream.ReferencePipeline.forEach(ReferencePipeline.java:596)
at org.openqa.selenium.json.JsonOutput.lambda$new$23(JsonOutput.java:169)
at org.openqa.selenium.json.JsonOutput.write(JsonOutput.java:287)
at org.openqa.selenium.json.JsonOutput.lambda$new$24(JsonOutput.java:182)
at com.google.common.collect.SingletonImmutableBiMap.forEach(SingletonImmutableBiMap.java:68)
at org.openqa.selenium.json.JsonOutput.lambda$new$25(JsonOutput.java:177)
at org.openqa.selenium.json.JsonOutput.write(JsonOutput.java:287)
at org.openqa.selenium.json.JsonOutput.write(JsonOutput.java:278)
at org.openqa.selenium.json.Json.toJson(Json.java:42)
at org.openqa.selenium.remote.codec.AbstractHttpCommandCodec.encode(AbstractHttpCommandCodec.java:259)
at org.openqa.selenium.remote.codec.AbstractHttpCommandCodec.encode(AbstractHttpCommandCodec.java:122)
at org.openqa.selenium.remote.HttpCommandExecutor.execute(HttpCommandExecutor.java:181)
at org.openqa.selenium.remote.service.DriverCommandExecutor.invokeExecute(DriverCommandExecutor.java:183)
at org.openqa.selenium.remote.service.DriverCommandExecutor.execute(DriverCommandExecutor.java:158)
at org.openqa.selenium.remote.RemoteWebDriver.execute(RemoteWebDriver.java:543)
at org.openqa.selenium.remote.RemoteWebDriver.perform(RemoteWebDriver.java:611)
at org.openqa.selenium.interactions.Actions$BuiltAction.perform(Actions.java:567)
at org.openqa.selenium.interactions.Actions.perform(Actions.java:536)
at org.ict.pages.PlOfficer.log_out(PlOfficer.java:119)
at com.ict.testcases.PlOfficer_TC.logout(PlOfficer_TC.java:120)
at java.base/java.util.ArrayList.forEach(ArrayList.java:1511)
Suppressed: org.openqa.selenium.json.JsonException: Attempting to close incomplete json stream
Build info: version: '4.8.3', revision: 'e5e76298c3'
System info: os.name: 'Windows 11', os.arch: 'amd64', os.version: '10.0', java.version: '17.0.6'
Driver info: driver.version: RemoteWebDriver
at org.openqa.selenium.json.JsonOutput.close(JsonOutput.java:303)
at org.openqa.selenium.json.Json.toJson(Json.java:40)
... 39 more
at org.openqa.selenium.json.JsonOutput.convertUsingMethod(JsonOutput.java:358)
... 60 more
Caused by: org.openqa.selenium.NoSuchElementException: no such element: Unable to locate element: {"method":"css selector","selector":"#basic\-nav\-dropdown"}
  (Session info: MicrosoftEdge=117.0.2045.47)
For documentation on this error, please visit: https://selenium.dev/exceptions/#no_such_element
Build info: version: '4.8.3', revision: 'e5e76298c3'
System info: os.name: 'Windows 11', os.arch: 'amd64', os.version: '10.0', java.version: '17.0.6'
Driver info: org.openqa.selenium.edge.EdgeDriver
Command: [81f7da13a98f0ccb74e2a4838ccbc471, findElement {using=id, value=basic-nav-dropdown}]
Capabilities {acceptInsecureCerts: false, browserName: msedge, browserVersion: 117.0.2045.47, fedcm:accounts: true, ms:edgeOptions: {debuggerAddress: localhost:49785}, msedge: {msedgedriverVersion: 117.0.2045.55 (50f62b8a7655..., userDataDir: C:\Users\91944\AppData\Loca...}, networkConnectionEnabled: false, pageLoadStrategy: normal, platformName: WINDOWS, proxy: Proxy(), se:cdp: ws://localhost:49785/devtoo..., se:cdpVersion: 117.0.2045.47, setWindowRect: true, strictFileInteractability: false, timeouts: {implicit: 0, pageLoad: 300000, script: 30000}, unhandledPromptBehavior: dismiss and notify, webauthn:extension:credBlob: true, webauthn:extension:largeBlob: true, webauthn:extension:minPinLength: true, webauthn:extension:prf: true, webauthn:virtualAuthenticators: true}
Session ID: 81f7da13a98f0ccb74e2a4838ccbc471
at org.openqa.selenium.remote.codec.w3c.W3CHttpResponseCodec.createException(W3CHttpResponseCodec.java:200)
at org.openqa.selenium.remote.codec.w3c.W3CHttpResponseCodec.decode(W3CHttpResponseCodec.java:133)
at org.openqa.selenium.remote.codec.w3c.W3CHttpResponseCodec.decode(W3CHttpResponseCodec.java:53)
at org.openqa.selenium.remote.HttpCommandExecutor.execute(HttpCommandExecutor.java:193)
at org.openqa.selenium.remote.service.DriverCommandExecutor.invokeExecute(DriverCommandExecutor.java:183)
at org.openqa.selenium.remote.service.DriverCommandExecutor.execute(DriverCommandExecutor.java:158)
at org.openqa.selenium.remote.RemoteWebDriver.execute(RemoteWebDriver.java:543)
at org.openqa.selenium.remote.ElementLocation$ElementFinder$2.findElement(ElementLocation.java:162)
at org.openqa.selenium.remote.ElementLocation.findElement(ElementLocation.java:60)
at org.openqa.selenium.remote.RemoteWebDriver.findElement(RemoteWebDriver.java:352)
at org.openqa.selenium.remote.RemoteWebDriver.findElement(RemoteWebDriver.java:344)
at org.openqa.selenium.support.pagefactory.DefaultElementLocator.findElement(DefaultElementLocator.java:70)
at org.openqa.selenium.support.pagefactory.internal.LocatingElementHandler.invoke(LocatingElementHandler.java:39)
at jdk.proxy2/jdk.proxy2.$Proxy17.getWrappedElement(Unknown Source)
at org.openqa.selenium.interactions.PointerInput$Origin.asArg(PointerInput.java:269)
at org.openqa.selenium.interactions.PointerInput$Move.encode(PointerInput.java:218)
at org.openqa.selenium.interactions.Sequence.encode(Sequence.java:73)
at org.openqa.selenium.interactions.Sequence.toJson(Sequence.java:82)
... 65 more
... Removed 37 stack frames]]>
    </failure>
  </testcase> <!-- logout -->
  <testcase classname="com.ict.base.BaseClass" name="@AfterSuite TearDown" time="0.0">
    <ignored/>
  </testcase> <!-- @AfterSuite TearDown -->
  <testcase classname="com.ict.base.BaseClass" name="@AfterSuite TearDown" time="0.0">
    <ignored/>
  </testcase> <!-- @AfterSuite TearDown -->
  <testcase classname="com.ict.base.BaseClass" name="@AfterSuite TearDown" time="0.0">
    <ignored/>
  </testcase> <!-- @AfterSuite TearDown -->
</testsuite> <!-- Test -->
